Case #1: TDYVBESGZQAJCSKOGMBM
Case #2: GNXPPSAWLZKDFRMMUEJ
Case #3: OZCZPYHDIFNHAKZIERT
Case #4: BUXETMCNASVDXAJWNEO
Case #5: JZMCYDIZFOTVUQPNMH
Case #6: QBIKFFCYUNWPOOBLJUSR
Case #7: UDBEAPXTSYRUQOHFKLTN
Case #8: JTUEMCLBYHAYCPNTPROV
Case #9: QUJHLHSBTFZGOQAMPMV
Case #10: XUGMXUNYNCKJVTALFHUW
Case #11: EGUUOMPBRLTFGXSDKZDL
Case #12: JKJXUSAFCWCXLDGABPN
Case #13: YVLWQOPBGNDZIKHCQGL
Case #14: WQVMSTQYCLOZGRDAVFY
Case #15: ANOBYVEDJIEWTXREHL
Case #16: BPNFBAXTXZMHQEYDJZ
Case #17: DMATLYGXITRHZIXYOVS
Case #18: CLDFJNSYRFDOIUJGLHKM
Case #19: LIMGFZAOJWKHGSKEUXCN
Case #20: JIYOAWTPEFZVMGB
Case #21: AVPJYOGZNXQRTWIMVYAY
Case #22: XEHPQQIMASCOYGIKBCJG
Case #23: FNTCBUVRMZRXMDSQBML
Case #24: CFLODASUFKGQSMHUGXNI
Case #25: SRMHUBALEUOQIYVRWNWJ
Case #26: DZRXICYSONWRTRBJFQWM
Case #27: XFZQBSMKECLDBTJXPW
Case #28: IIEWLQQSUIPZGRVFMKIC
Case #29: AMNBKITLRZDFZTUPGO
Case #30: GPNPKHTSABEVCYARRZQG
Case #31: EVLTAPGSQFKCTODOPEWY
Case #32: XFMHTTCKDZQHEGOTQVFR
Case #33: KTQCIUELHUYMRTVWQDXQ
Case #34: VNFTLUOFPWJBHYMRCD
Case #35: CWMYDQLZANSQRNVIAT
Case #36: DJEDBOQPZWDXMHXCAKF
Case #37: XDGUYDAQCSSTRBLNPUF
Case #38: GRXFQPDXLUNAKWZIHD
Case #39: RRGMTPHISREWAOABVUL
Case #40: TCKLGBJOSZREULFVNHDD
Case #41: BNMJEZOORGWFVASHQOR
Case #42: GAIXCPBLOAUYZYAKFMU
Case #43: GULAMEWBMQFJLNWUOZ
Case #44: VZFANAISBLYCCWROPVEC
Case #45: IJFKDRSYXMETVKGQNKUQ
Case #46: GXRZPKCFZAJPTVEWFY
Case #47: XGRTOPDKHXIOCBYQF
Case #48: JOHNSON
Case #49: WTJOHQZSXKEWBWVGUMTF
Case #50: GHJNBFXQADKEYUCFKW
Case #51: CRLONPTKVQYLDEACWWTZ
Case #52: BBVNXQAUEWGQAHACTRM
Case #53: PDTDSNHXWRCJFKGYZ
Case #54: NKKSQRWAIPYDTMLBT
Case #55: GQPFHBMKEYKTZUCLNG
Case #56: AZDSQUXMTBFJHGKRY
Case #57: FZTUNESZFHRRJQCAPBL
Case #58: CPGYWVQQPISBEOLHCKM
Case #59: IJYGRNWDSXOVKOMNCT
Case #60: ASZLFSIISTMRNONMWGDP
Case #61: FHXVTUINCASLDIDZE
Case #62: GAJUOCEVAIMDWHRFS
Case #63: YDMXRYERULGMONCIGABJ
Case #64: QLULNDHGECFREJZCSMMK
Case #65: GVCULAWOTYRHRORXPFZR
Case #66: MRYUBEPRJXGWNBLJSDYU
Case #67: AMERGBKOGQXRQDSDVHL
Case #68: EODGFVUNBRYQFJSWZMW
Case #69: YBQIJWJBOPPRLUZHUFEG
Case #70: DVRXWZOMNHKBVBBEJ
Case #71: TKISSHQWGSXLMXRUBJAK
Case #72: ANBZLYDCQIFFCSRIOD
Case #73: BLCXRYAIEVNRNNTUEWZO
Case #74: MQLTTZIGXOAUYVIKSR
Case #75: BXSMJOJYKRWSENHSNAQK
Case #76: CVQTCVDHWIKYHBXOBGFL
Case #77: FTQFXAZDLNUATXKPRJMK
Case #78: FDEOKJLHIKHPTXDWMQLS
Case #79: IHLGTBHVQCWAQCUSBNRX
Case #80: LDRBSSXWKVXYHPFTQYXE
Case #81: DXKANZVMGWTDKULIBHR
Case #82: SRYALEJPXSPFLQMHVGY
Case #83: PRMXNTKCRLVUEJNKUWAL
Case #84: OTNHZDEKPPSIGZMFAQX
Case #85: GXMPHPUTWZWSAKEDKGOT
Case #86: XDKCSNDHJOQGBXWYRTR
Case #87: MQTCYRFGEDJPSNAABS
Case #88: HUFDLKOBSICHNUPVABI
Case #89: EPHXUVQXTOPZQXTFKMDL
Case #90: BCLUGDHSPNXNKWOYTASD
Case #91: XMOSYJVFZPHAJZFNRUD
Case #92: ECZBHDTZSYPWYRUHFNY
Case #93: SSHZIAUYOCMRUESKWP
Case #94: LNWWAEFGCDSJHAKYU
Case #95: RURBVXYEFHTJNUSGNBKW
Case #96: BTBEPNYQRJHLAQOKZEV
Case #97: IGGOKYLCEZBQSLDXUQF
Case #98: BUVKVZNTUIUXEMMTLPHY
Case #99: TPXRSKDUKQFHPZITJBNR
Case #100: NWMTKOUAGFVZDBILALS